<?xml version="1.0" encoding="UTF-8"?>
<!-- Generated by org.testng.reporters.JUnitXMLReporter -->
<testsuite ignored="0" hostname="Hardiks-MacBook-Pro.local" failures="0" tests="5" name="Default test" time="11.927" errors="0" timestamp="2026-05-17T18:14:21 EDT">
  <testcase classname="com.qa.opencart.tests.HomePageTest" name="homePageTitleTest" time="0.098"/>
  <testcase classname="com.qa.opencart.tests.HomePageTest" name="homePageURLTest" time="0.012"/>
  <testcase classname="com.qa.opencart.tests.HomePageTest" name="searchTest" time="0.67"/>
  <testcase classname="com.qa.opencart.tests.HomePageTest" name="searchTest" time="0.606"/>
  <testcase classname="com.qa.opencart.tests.HomePageTest" name="searchTest" time="0.615"/>
</testsuite> <!-- Default test -->
