<?xml version="1.0" encoding="UTF-8"?>
<!-- Generated by org.testng.reporters.JUnitXMLReporter -->
<testsuite ignored="0" hostname="Hardiks-MacBook-Pro.local" failures="0" tests="3" name="Open Cart Login Page Test On Edge" time="31.844" errors="0" timestamp="2026-05-18T18:05:13 EDT">
  <testcase classname="com.qa.opencart.tests.LoginPageTest" name="loginPageNavigationTest" time="6.123"/>
  <testcase classname="com.qa.opencart.tests.LoginPageTest" name="forgotPwdLinkExistTest" time="1.122"/>
  <testcase classname="com.qa.opencart.tests.LoginPageTest" name="appLoginTest" time="4.068"/>
</testsuite> <!-- Open Cart Login Page Test On Edge -->
