<?xml version="1.0" encoding="UTF-8"?>
<!-- Generated by org.testng.reporters.JUnitXMLReporter -->
<testsuite ignored="0" hostname="Hardiks-MacBook-Pro.local" failures="0" tests="5" name="Open Cart Home Page Test" time="14.182" errors="0" timestamp="2026-05-20T12:37:31 EDT">
  <testcase classname="com.qa.opencart.tests.HomePageTest" name="homePageTitleTest" time="0.05"/>
  <testcase classname="com.qa.opencart.tests.HomePageTest" name="homePageURLTest" time="0.002"/>
  <testcase classname="com.qa.opencart.tests.HomePageTest" name="searchTest" time="0.985"/>
  <testcase classname="com.qa.opencart.tests.HomePageTest" name="searchTest" time="0.815"/>
  <testcase classname="com.qa.opencart.tests.HomePageTest" name="searchTest" time="0.828"/>
</testsuite> <!-- Open Cart Home Page Test -->
