<?xml version="1.0" encoding="UTF-8"?>
<!-- Generated by org.testng.reporters.JUnitXMLReporter -->
<testsuite ignored="0" hostname="Hardiks-MacBook-Pro.local" failures="0" tests="0" name="Open Cart Home Page Test" time="107.225" errors="0" timestamp="2026-05-18T20:02:21 EDT">
  <testcase classname="com.qa.opencart.base.BaseTest" name="@BeforeClass setup" time="107.034">
    <failure type="com.microsoft.playwright.PlaywrightException" message="Error {
  message=&amp;apos;socket hang up
  name=&amp;apos;Error
  stack=&amp;apos;Error: socket hang up
    at Socket.socketOnEnd (node:_http_client:524:23)
    at Socket.emit (node:events:530:35)
    at endReadableNT (node:internal/streams/readable:1696:12)
    at process.processTicksAndRejections (node:internal/process/task_queues:82:21)
}
Call log:
- &amp;lt;selenium&amp;gt; connecting to http://localhost:4444/
">
      <![CDATA[com.microsoft.playwright.PlaywrightException: Error {
  message='socket hang up
  name='Error
  stack='Error: socket hang up
    at Socket.socketOnEnd (node:_http_client:524:23)
    at Socket.emit (node:events:530:35)
    at endReadableNT (node:internal/streams/readable:1696:12)
    at process.processTicksAndRejections (node:internal/process/task_queues:82:21)
}
Call log:
- <selenium> connecting to http://localhost:4444/

at com.microsoft.playwright.impl.WaitableResult.get(WaitableResult.java:56)
at com.microsoft.playwright.impl.ChannelOwner.runUntil(ChannelOwner.java:120)
at com.microsoft.playwright.impl.Connection.sendMessage(Connection.java:130)
at com.microsoft.playwright.impl.ChannelOwner.sendMessage(ChannelOwner.java:106)
at com.microsoft.playwright.impl.BrowserTypeImpl.launchImpl(BrowserTypeImpl.java:50)
at com.microsoft.playwright.impl.BrowserTypeImpl.lambda$launch$0(BrowserTypeImpl.java:42)
at com.microsoft.playwright.impl.LoggingSupport.withLogging(LoggingSupport.java:47)
at com.microsoft.playwright.impl.ChannelOwner.withLogging(ChannelOwner.java:89)
at com.microsoft.playwright.impl.BrowserTypeImpl.launch(BrowserTypeImpl.java:42)
at com.microsoft.playwright.impl.BrowserTypeImpl.launch(BrowserTypeImpl.java:35)
at com.qa.opencart.factory.PlaywrightFactory.initBrowser(PlaywrightFactory.java:66)
at com.qa.opencart.base.BaseTest.setup(BaseTest.java:35)
at java.base/java.util.ArrayList.forEach(ArrayList.java:1596)
at java.base/java.util.concurrent.FutureTask.run(FutureTask.java:317)
at java.base/java.util.concurrent.ThreadPoolExecutor.runWorker(ThreadPoolExecutor.java:1144)
at java.base/java.util.concurrent.ThreadPoolExecutor$Worker.run(ThreadPoolExecutor.java:642)
at java.base/java.lang.Thread.run(Thread.java:1583)
Caused by: com.microsoft.playwright.impl.DriverException: Error {
  message='socket hang up
  name='Error
  stack='Error: socket hang up
    at Socket.socketOnEnd (node:_http_client:524:23)
    at Socket.emit (node:events:530:35)
    at endReadableNT (node:internal/streams/readable:1696:12)
    at process.processTicksAndRejections (node:internal/process/task_queues:82:21)
}
Call log:
- <selenium> connecting to http://localhost:4444/

at com.microsoft.playwright.impl.Connection.dispatch(Connection.java:259)
at com.microsoft.playwright.impl.Connection.processOneMessage(Connection.java:211)
at com.microsoft.playwright.impl.ChannelOwner.runUntil(ChannelOwner.java:118)
... 28 more
... Removed 13 stack frames]]>
    </failure>
  </testcase> <!-- @BeforeClass setup -->
  <testcase classname="com.qa.opencart.base.BaseTest" name="@BeforeClass setup" time="107.03">
    <failure type="com.microsoft.playwright.PlaywrightException" message="Error {
  message=&amp;apos;socket hang up
  name=&amp;apos;Error
  stack=&amp;apos;Error: socket hang up
    at Socket.socketOnEnd (node:_http_client:524:23)
    at Socket.emit (node:events:530:35)
    at endReadableNT (node:internal/streams/readable:1696:12)
    at process.processTicksAndRejections (node:internal/process/task_queues:82:21)
}
Call log:
- &amp;lt;selenium&amp;gt; connecting to http://localhost:4444/
">
      <![CDATA[com.microsoft.playwright.PlaywrightException: Error {
  message='socket hang up
  name='Error
  stack='Error: socket hang up
    at Socket.socketOnEnd (node:_http_client:524:23)
    at Socket.emit (node:events:530:35)
    at endReadableNT (node:internal/streams/readable:1696:12)
    at process.processTicksAndRejections (node:internal/process/task_queues:82:21)
}
Call log:
- <selenium> connecting to http://localhost:4444/

at com.microsoft.playwright.impl.WaitableResult.get(WaitableResult.java:56)
at com.microsoft.playwright.impl.ChannelOwner.runUntil(ChannelOwner.java:120)
at com.microsoft.playwright.impl.Connection.sendMessage(Connection.java:130)
at com.microsoft.playwright.impl.ChannelOwner.sendMessage(ChannelOwner.java:106)
at com.microsoft.playwright.impl.BrowserTypeImpl.launchImpl(BrowserTypeImpl.java:50)
at com.microsoft.playwright.impl.BrowserTypeImpl.lambda$launch$0(BrowserTypeImpl.java:42)
at com.microsoft.playwright.impl.LoggingSupport.withLogging(LoggingSupport.java:47)
at com.microsoft.playwright.impl.ChannelOwner.withLogging(ChannelOwner.java:89)
at com.microsoft.playwright.impl.BrowserTypeImpl.launch(BrowserTypeImpl.java:42)
at com.microsoft.playwright.impl.BrowserTypeImpl.launch(BrowserTypeImpl.java:35)
at com.qa.opencart.factory.PlaywrightFactory.initBrowser(PlaywrightFactory.java:54)
at com.qa.opencart.base.BaseTest.setup(BaseTest.java:35)
at java.base/java.util.ArrayList.forEach(ArrayList.java:1596)
at java.base/java.util.concurrent.FutureTask.run(FutureTask.java:317)
at java.base/java.util.concurrent.ThreadPoolExecutor.runWorker(ThreadPoolExecutor.java:1144)
at java.base/java.util.concurrent.ThreadPoolExecutor$Worker.run(ThreadPoolExecutor.java:642)
at java.base/java.lang.Thread.run(Thread.java:1583)
Caused by: com.microsoft.playwright.impl.DriverException: Error {
  message='socket hang up
  name='Error
  stack='Error: socket hang up
    at Socket.socketOnEnd (node:_http_client:524:23)
    at Socket.emit (node:events:530:35)
    at endReadableNT (node:internal/streams/readable:1696:12)
    at process.processTicksAndRejections (node:internal/process/task_queues:82:21)
}
Call log:
- <selenium> connecting to http://localhost:4444/

at com.microsoft.playwright.impl.Connection.dispatch(Connection.java:259)
at com.microsoft.playwright.impl.Connection.processOneMessage(Connection.java:211)
at com.microsoft.playwright.impl.ChannelOwner.runUntil(ChannelOwner.java:118)
... 28 more
... Removed 13 stack frames]]>
    </failure>
  </testcase> <!-- @BeforeClass setup -->
</testsuite> <!-- Open Cart Home Page Test -->
