<?xml version="1.0" encoding="UTF-8"?>
<!-- Generated by org.testng.reporters.JUnitXMLReporter -->
<testsuite ignored="0" hostname="Hardiks-MacBook-Pro.local" failures="0" tests="0" name="Open Cart Login Page Test On Chromium" time="107.225" errors="0" timestamp="2026-05-18T20:02:21 EDT">
  <testcase classname="com.qa.opencart.base.BaseTest" name="@BeforeClass setup" time="5.803">
    <failure type="com.microsoft.playwright.PlaywrightException" message="Error {
  message=&amp;apos;Connecting to SELENIUM_REMOTE_URL is only supported by Chromium
  name=&amp;apos;Error
  stack=&amp;apos;Error: Connecting to SELENIUM_REMOTE_URL is only supported by Chromium
    at Firefox._launchWithSeleniumHub (/private/var/folders/__/kw2v6qw15c31p_kx44t22rzw0000gn/T/playwright-java-15249474234782008706/package/lib/server/browserType.js:254:11)
    at /private/var/folders/__/kw2v6qw15c31p_kx44t22rzw0000gn/T/playwright-java-15249474234782008706/package/lib/server/browserType.js:63:39
    at ProgressController.run (/private/var/folders/__/kw2v6qw15c31p_kx44t22rzw0000gn/T/playwright-java-15249474234782008706/package/lib/server/progress.js:81:23)
    at Firefox.launch (/private/var/folders/__/kw2v6qw15c31p_kx44t22rzw0000gn/T/playwright-java-15249474234782008706/package/lib/server/browserType.js:61:38)
    at BrowserTypeDispatcher.launch (/private/var/folders/__/kw2v6qw15c31p_kx44t22rzw0000gn/T/playwright-java-15249474234782008706/package/lib/server/dispatchers/browserTypeDispatcher.js:35:40)
    at BrowserTypeDispatcher._handleCommand (/private/var/folders/__/kw2v6qw15c31p_kx44t22rzw0000gn/T/playwright-java-15249474234782008706/package/lib/server/dispatchers/dispatcher.js:94:40)
    at DispatcherConnection.dispatch (/private/var/folders/__/kw2v6qw15c31p_kx44t22rzw0000gn/T/playwright-java-15249474234782008706/package/lib/server/dispatchers/dispatcher.js:361:39)
}">
      <![CDATA[com.microsoft.playwright.PlaywrightException: Error {
  message='Connecting to SELENIUM_REMOTE_URL is only supported by Chromium
  name='Error
  stack='Error: Connecting to SELENIUM_REMOTE_URL is only supported by Chromium
    at Firefox._launchWithSeleniumHub (/private/var/folders/__/kw2v6qw15c31p_kx44t22rzw0000gn/T/playwright-java-15249474234782008706/package/lib/server/browserType.js:254:11)
    at /private/var/folders/__/kw2v6qw15c31p_kx44t22rzw0000gn/T/playwright-java-15249474234782008706/package/lib/server/browserType.js:63:39
    at ProgressController.run (/private/var/folders/__/kw2v6qw15c31p_kx44t22rzw0000gn/T/playwright-java-15249474234782008706/package/lib/server/progress.js:81:23)
    at Firefox.launch (/private/var/folders/__/kw2v6qw15c31p_kx44t22rzw0000gn/T/playwright-java-15249474234782008706/package/lib/server/browserType.js:61:38)
    at BrowserTypeDispatcher.launch (/private/var/folders/__/kw2v6qw15c31p_kx44t22rzw0000gn/T/playwright-java-15249474234782008706/package/lib/server/dispatchers/browserTypeDispatcher.js:35:40)
    at BrowserTypeDispatcher._handleCommand (/private/var/folders/__/kw2v6qw15c31p_kx44t22rzw0000gn/T/playwright-java-15249474234782008706/package/lib/server/dispatchers/dispatcher.js:94:40)
    at DispatcherConnection.dispatch (/private/var/folders/__/kw2v6qw15c31p_kx44t22rzw0000gn/T/playwright-java-15249474234782008706/package/lib/server/dispatchers/dispatcher.js:361:39)
}
at com.microsoft.playwright.impl.WaitableResult.get(WaitableResult.java:56)
at com.microsoft.playwright.impl.ChannelOwner.runUntil(ChannelOwner.java:120)
at com.microsoft.playwright.impl.Connection.sendMessage(Connection.java:130)
at com.microsoft.playwright.impl.ChannelOwner.sendMessage(ChannelOwner.java:106)
at com.microsoft.playwright.impl.BrowserTypeImpl.launchImpl(BrowserTypeImpl.java:50)
at com.microsoft.playwright.impl.BrowserTypeImpl.lambda$launch$0(BrowserTypeImpl.java:42)
at com.microsoft.playwright.impl.LoggingSupport.withLogging(LoggingSupport.java:47)
at com.microsoft.playwright.impl.ChannelOwner.withLogging(ChannelOwner.java:89)
at com.microsoft.playwright.impl.BrowserTypeImpl.launch(BrowserTypeImpl.java:42)
at com.microsoft.playwright.impl.BrowserTypeImpl.launch(BrowserTypeImpl.java:35)
at com.qa.opencart.factory.PlaywrightFactory.initBrowser(PlaywrightFactory.java:58)
at com.qa.opencart.base.BaseTest.setup(BaseTest.java:35)
at java.base/java.util.ArrayList.forEach(ArrayList.java:1596)
at java.base/java.util.concurrent.FutureTask.run(FutureTask.java:317)
at java.base/java.util.concurrent.ThreadPoolExecutor.runWorker(ThreadPoolExecutor.java:1144)
at java.base/java.util.concurrent.ThreadPoolExecutor$Worker.run(ThreadPoolExecutor.java:642)
at java.base/java.lang.Thread.run(Thread.java:1583)
Caused by: com.microsoft.playwright.impl.DriverException: Error {
  message='Connecting to SELENIUM_REMOTE_URL is only supported by Chromium
  name='Error
  stack='Error: Connecting to SELENIUM_REMOTE_URL is only supported by Chromium
    at Firefox._launchWithSeleniumHub (/private/var/folders/__/kw2v6qw15c31p_kx44t22rzw0000gn/T/playwright-java-15249474234782008706/package/lib/server/browserType.js:254:11)
    at /private/var/folders/__/kw2v6qw15c31p_kx44t22rzw0000gn/T/playwright-java-15249474234782008706/package/lib/server/browserType.js:63:39
    at ProgressController.run (/private/var/folders/__/kw2v6qw15c31p_kx44t22rzw0000gn/T/playwright-java-15249474234782008706/package/lib/server/progress.js:81:23)
    at Firefox.launch (/private/var/folders/__/kw2v6qw15c31p_kx44t22rzw0000gn/T/playwright-java-15249474234782008706/package/lib/server/browserType.js:61:38)
    at BrowserTypeDispatcher.launch (/private/var/folders/__/kw2v6qw15c31p_kx44t22rzw0000gn/T/playwright-java-15249474234782008706/package/lib/server/dispatchers/browserTypeDispatcher.js:35:40)
    at BrowserTypeDispatcher._handleCommand (/private/var/folders/__/kw2v6qw15c31p_kx44t22rzw0000gn/T/playwright-java-15249474234782008706/package/lib/server/dispatchers/dispatcher.js:94:40)
    at DispatcherConnection.dispatch (/private/var/folders/__/kw2v6qw15c31p_kx44t22rzw0000gn/T/playwright-java-15249474234782008706/package/lib/server/dispatchers/dispatcher.js:361:39)
}
at com.microsoft.playwright.impl.Connection.dispatch(Connection.java:259)
at com.microsoft.playwright.impl.Connection.processOneMessage(Connection.java:211)
at com.microsoft.playwright.impl.ChannelOwner.runUntil(ChannelOwner.java:118)
... 28 more
... Removed 13 stack frames]]>
    </failure>
  </testcase> <!-- @BeforeClass setup -->
</testsuite> <!-- Open Cart Login Page Test On Chromium -->
