<?xml version="1.0" encoding="UTF-8"?>
<!-- Generated by org.testng.reporters.JUnitXMLReporter -->
<testsuite ignored="0" hostname="Hardiks-MacBook-Pro.local" failures="0" tests="5" name="Open Cart Home Page Test" time="18.354" errors="0" timestamp="2026-05-18T13:02:25 EDT">
  <testcase classname="com.qa.opencart.tests.HomePageTest" name="homePageTitleTest" time="0.041"/>
  <testcase classname="com.qa.opencart.tests.HomePageTest" name="homePageURLTest" time="0.384"/>
  <testcase classname="com.qa.opencart.tests.HomePageTest" name="searchTest" time="0.826"/>
  <testcase classname="com.qa.opencart.tests.HomePageTest" name="searchTest" time="0.79"/>
  <testcase classname="com.qa.opencart.tests.HomePageTest" name="searchTest" time="0.655"/>
</testsuite> <!-- Open Cart Home Page Test -->
