<?xml version="1.0" encoding="UTF-8"?>
<testng-results ignored="0" total="11" passed="11" failed="0" skipped="0">
  <reporter-output>
  </reporter-output>
  <suite started-at="2026-05-18T18:04:38 EDT" name="Open Cart Test Regression PW Suite" finished-at="2026-05-18T18:05:23 EDT" duration-ms="45128">
    <groups>
    </groups>
    <test started-at="2026-05-18T18:04:38 EDT" name="Open Cart Login Page Test On Edge" finished-at="2026-05-18T18:05:10 EDT" duration-ms="31844">
      <class name="com.qa.opencart.tests.LoginPageTest">
        <test-method is-config="true" signature="setup(java.lang.String)[pri:0, instance:com.qa.opencart.tests.LoginPageTest@6fdbe764]" started-at="2026-05-18T18:04:38 EDT" name="setup" finished-at="2026-05-18T18:04:54 EDT" duration-ms="15593" status="PASS">
          <params>
            <param index="0">
              <value>
                <![CDATA[edge]]>
              </value>
            </param>
          </params>
          <reporter-output>
          </reporter-output>
        </test-method> <!-- setup -->
        <test-method signature="loginPageNavigationTest()[pri:1, instance:com.qa.opencart.tests.LoginPageTest@6fdbe764]" started-at="2026-05-18T18:04:54 EDT" name="loginPageNavigationTest" finished-at="2026-05-18T18:05:00 EDT" duration-ms="6123" status="PASS">
          <reporter-output>
          </reporter-output>
        </test-method> <!-- loginPageNavigationTest -->
        <test-method signature="forgotPwdLinkExistTest()[pri:2, instance:com.qa.opencart.tests.LoginPageTest@6fdbe764]" started-at="2026-05-18T18:05:02 EDT" name="forgotPwdLinkExistTest" finished-at="2026-05-18T18:05:03 EDT" depends-on-methods="com.qa.opencart.tests.LoginPageTest.loginPageNavigationTest" duration-ms="1122" status="PASS">
          <reporter-output>
          </reporter-output>
        </test-method> <!-- forgotPwdLinkExistTest -->
        <test-method signature="appLoginTest()[pri:3, instance:com.qa.opencart.tests.LoginPageTest@6fdbe764]" started-at="2026-05-18T18:05:04 EDT" name="appLoginTest" finished-at="2026-05-18T18:05:08 EDT" depends-on-methods="com.qa.opencart.tests.LoginPageTest.loginPageNavigationTest" duration-ms="4068" status="PASS">
          <reporter-output>
          </reporter-output>
        </test-method> <!-- appLoginTest -->
        <test-method is-config="true" signature="tearDown()[pri:0, instance:com.qa.opencart.tests.LoginPageTest@6fdbe764]" started-at="2026-05-18T18:05:09 EDT" name="tearDown" finished-at="2026-05-18T18:05:10 EDT" duration-ms="731" status="PASS">
          <reporter-output>
          </reporter-output>
        </test-method> <!-- tearDown -->
      </class> <!-- com.qa.opencart.tests.LoginPageTest -->
    </test> <!-- Open Cart Login Page Test On Edge -->
    <test started-at="2026-05-18T18:04:38 EDT" name="Open Cart Home Page Test" finished-at="2026-05-18T18:05:11 EDT" duration-ms="33032">
      <class name="com.qa.opencart.tests.HomePageTest">
        <test-method is-config="true" signature="setup(java.lang.String)[pri:0, instance:com.qa.opencart.tests.HomePageTest@6e0f5f7f]" started-at="2026-05-18T18:04:38 EDT" name="setup" finished-at="2026-05-18T18:04:51 EDT" duration-ms="12848" status="PASS">
          <params>
            <param index="0">
              <value>
                <![CDATA[chrome]]>
              </value>
            </param>
          </params>
          <reporter-output>
          </reporter-output>
        </test-method> <!-- setup -->
        <test-method signature="homePageTitleTest()[pri:0, instance:com.qa.opencart.tests.HomePageTest@6e0f5f7f]" started-at="2026-05-18T18:04:51 EDT" name="homePageTitleTest" finished-at="2026-05-18T18:04:52 EDT" duration-ms="451" status="PASS">
          <reporter-output>
          </reporter-output>
        </test-method> <!-- homePageTitleTest -->
        <test-method signature="homePageURLTest()[pri:0, instance:com.qa.opencart.tests.HomePageTest@6e0f5f7f]" started-at="2026-05-18T18:04:56 EDT" name="homePageURLTest" finished-at="2026-05-18T18:04:56 EDT" duration-ms="16" status="PASS">
          <reporter-output>
          </reporter-output>
        </test-method> <!-- homePageURLTest -->
        <test-method signature="searchTest(java.lang.String)[pri:0, instance:com.qa.opencart.tests.HomePageTest@6e0f5f7f]" started-at="2026-05-18T18:04:59 EDT" name="searchTest" data-provider="getproductData" finished-at="2026-05-18T18:05:02 EDT" duration-ms="2839" status="PASS">
          <params>
            <param index="0">
              <value>
                <![CDATA[Macbook]]>
              </value>
            </param>
          </params>
          <reporter-output>
          </reporter-output>
        </test-method> <!-- searchTest -->
        <test-method signature="searchTest(java.lang.String)[pri:0, instance:com.qa.opencart.tests.HomePageTest@6e0f5f7f]" started-at="2026-05-18T18:05:03 EDT" name="searchTest" data-provider="getproductData" finished-at="2026-05-18T18:05:05 EDT" duration-ms="2079" status="PASS">
          <params>
            <param index="0">
              <value>
                <![CDATA[iMac]]>
              </value>
            </param>
          </params>
          <reporter-output>
          </reporter-output>
        </test-method> <!-- searchTest -->
        <test-method signature="searchTest(java.lang.String)[pri:0, instance:com.qa.opencart.tests.HomePageTest@6e0f5f7f]" started-at="2026-05-18T18:05:07 EDT" name="searchTest" data-provider="getproductData" finished-at="2026-05-18T18:05:09 EDT" duration-ms="2663" status="PASS">
          <params>
            <param index="0">
              <value>
                <![CDATA[Samsung]]>
              </value>
            </param>
          </params>
          <reporter-output>
          </reporter-output>
        </test-method> <!-- searchTest -->
        <test-method is-config="true" signature="tearDown()[pri:0, instance:com.qa.opencart.tests.HomePageTest@6e0f5f7f]" started-at="2026-05-18T18:05:11 EDT" name="tearDown" finished-at="2026-05-18T18:05:11 EDT" duration-ms="524" status="PASS">
          <reporter-output>
          </reporter-output>
        </test-method> <!-- tearDown -->
      </class> <!-- com.qa.opencart.tests.HomePageTest -->
    </test> <!-- Open Cart Home Page Test -->
    <test started-at="2026-05-18T18:04:38 EDT" name="Open Cart Login Page Test On Chromium" finished-at="2026-05-18T18:05:23 EDT" duration-ms="45128">
      <class name="com.qa.opencart.tests.LoginPageTest">
        <test-method is-config="true" signature="setup(java.lang.String)[pri:0, instance:com.qa.opencart.tests.LoginPageTest@1ed6388a]" started-at="2026-05-18T18:04:38 EDT" name="setup" finished-at="2026-05-18T18:05:18 EDT" duration-ms="39841" status="PASS">
          <params>
            <param index="0">
              <value>
                <![CDATA[chromium]]>
              </value>
            </param>
          </params>
          <reporter-output>
          </reporter-output>
        </test-method> <!-- setup -->
        <test-method signature="loginPageNavigationTest()[pri:1, instance:com.qa.opencart.tests.LoginPageTest@1ed6388a]" started-at="2026-05-18T18:05:18 EDT" name="loginPageNavigationTest" finished-at="2026-05-18T18:05:20 EDT" duration-ms="1326" status="PASS">
          <reporter-output>
          </reporter-output>
        </test-method> <!-- loginPageNavigationTest -->
        <test-method signature="forgotPwdLinkExistTest()[pri:2, instance:com.qa.opencart.tests.LoginPageTest@1ed6388a]" started-at="2026-05-18T18:05:21 EDT" name="forgotPwdLinkExistTest" finished-at="2026-05-18T18:05:21 EDT" depends-on-methods="com.qa.opencart.tests.LoginPageTest.loginPageNavigationTest" duration-ms="21" status="PASS">
          <reporter-output>
          </reporter-output>
        </test-method> <!-- forgotPwdLinkExistTest -->
        <test-method signature="appLoginTest()[pri:3, instance:com.qa.opencart.tests.LoginPageTest@1ed6388a]" started-at="2026-05-18T18:05:21 EDT" name="appLoginTest" finished-at="2026-05-18T18:05:22 EDT" depends-on-methods="com.qa.opencart.tests.LoginPageTest.loginPageNavigationTest" duration-ms="1626" status="PASS">
          <reporter-output>
          </reporter-output>
        </test-method> <!-- appLoginTest -->
        <test-method is-config="true" signature="tearDown()[pri:0, instance:com.qa.opencart.tests.LoginPageTest@1ed6388a]" started-at="2026-05-18T18:05:23 EDT" name="tearDown" finished-at="2026-05-18T18:05:23 EDT" duration-ms="267" status="PASS">
          <reporter-output>
          </reporter-output>
        </test-method> <!-- tearDown -->
      </class> <!-- com.qa.opencart.tests.LoginPageTest -->
    </test> <!-- Open Cart Login Page Test On Chromium -->
  </suite> <!-- Open Cart Test Regression PW Suite -->
</testng-results>
