<?xml version="1.0" encoding="UTF-8"?>
<testng-results ignored="0" total="8" passed="8" failed="0" skipped="0">
  <reporter-output>
  </reporter-output>
  <suite started-at="2026-05-18T13:02:07 EDT" name="Open Cart Test Regression PW Suite" finished-at="2026-05-18T13:02:25 EDT" duration-ms="18354">
    <groups>
    </groups>
    <test started-at="2026-05-18T13:02:07 EDT" name="Open Cart Login Page Test" finished-at="2026-05-18T13:02:23 EDT" duration-ms="16408">
      <class name="com.qa.opencart.tests.LoginPageTest">
        <test-method is-config="true" signature="setup()[pri:0, instance:com.qa.opencart.tests.LoginPageTest@6cd24612]" started-at="2026-05-18T13:02:07 EDT" name="setup" finished-at="2026-05-18T13:02:18 EDT" duration-ms="11100" status="PASS">
          <reporter-output>
          </reporter-output>
        </test-method> <!-- setup -->
        <test-method signature="loginPageNavigationTest()[pri:1, instance:com.qa.opencart.tests.LoginPageTest@6cd24612]" started-at="2026-05-18T13:02:18 EDT" name="loginPageNavigationTest" finished-at="2026-05-18T13:02:19 EDT" duration-ms="1391" status="PASS">
          <reporter-output>
          </reporter-output>
        </test-method> <!-- loginPageNavigationTest -->
        <test-method signature="forgotPwdLinkExistTest()[pri:2, instance:com.qa.opencart.tests.LoginPageTest@6cd24612]" started-at="2026-05-18T13:02:20 EDT" name="forgotPwdLinkExistTest" finished-at="2026-05-18T13:02:20 EDT" depends-on-methods="com.qa.opencart.tests.LoginPageTest.loginPageNavigationTest" duration-ms="376" status="PASS">
          <reporter-output>
          </reporter-output>
        </test-method> <!-- forgotPwdLinkExistTest -->
        <test-method signature="appLoginTest()[pri:3, instance:com.qa.opencart.tests.LoginPageTest@6cd24612]" started-at="2026-05-18T13:02:21 EDT" name="appLoginTest" finished-at="2026-05-18T13:02:22 EDT" depends-on-methods="com.qa.opencart.tests.LoginPageTest.loginPageNavigationTest" duration-ms="1036" status="PASS">
          <reporter-output>
          </reporter-output>
        </test-method> <!-- appLoginTest -->
        <test-method is-config="true" signature="tearDown()[pri:0, instance:com.qa.opencart.tests.LoginPageTest@6cd24612]" started-at="2026-05-18T13:02:22 EDT" name="tearDown" finished-at="2026-05-18T13:02:23 EDT" duration-ms="1007" status="PASS">
          <reporter-output>
          </reporter-output>
        </test-method> <!-- tearDown -->
      </class> <!-- com.qa.opencart.tests.LoginPageTest -->
    </test> <!-- Open Cart Login Page Test -->
    <test started-at="2026-05-18T13:02:07 EDT" name="Open Cart Home Page Test" finished-at="2026-05-18T13:02:25 EDT" duration-ms="18354">
      <class name="com.qa.opencart.tests.HomePageTest">
        <test-method is-config="true" signature="setup()[pri:0, instance:com.qa.opencart.tests.HomePageTest@5b7a7f33]" started-at="2026-05-18T13:02:07 EDT" name="setup" finished-at="2026-05-18T13:02:18 EDT" duration-ms="11714" status="PASS">
          <reporter-output>
          </reporter-output>
        </test-method> <!-- setup -->
        <test-method signature="homePageTitleTest()[pri:0, instance:com.qa.opencart.tests.HomePageTest@5b7a7f33]" started-at="2026-05-18T13:02:18 EDT" name="homePageTitleTest" finished-at="2026-05-18T13:02:19 EDT" duration-ms="41" status="PASS">
          <reporter-output>
          </reporter-output>
        </test-method> <!-- homePageTitleTest -->
        <test-method signature="homePageURLTest()[pri:0, instance:com.qa.opencart.tests.HomePageTest@5b7a7f33]" started-at="2026-05-18T13:02:20 EDT" name="homePageURLTest" finished-at="2026-05-18T13:02:20 EDT" duration-ms="384" status="PASS">
          <reporter-output>
          </reporter-output>
        </test-method> <!-- homePageURLTest -->
        <test-method signature="searchTest(java.lang.String)[pri:0, instance:com.qa.opencart.tests.HomePageTest@5b7a7f33]" started-at="2026-05-18T13:02:20 EDT" name="searchTest" data-provider="getproductData" finished-at="2026-05-18T13:02:21 EDT" duration-ms="826" status="PASS">
          <params>
            <param index="0">
              <value>
                <![CDATA[Macbook]]>
              </value>
            </param>
          </params>
          <reporter-output>
          </reporter-output>
        </test-method> <!-- searchTest -->
        <test-method signature="searchTest(java.lang.String)[pri:0, instance:com.qa.opencart.tests.HomePageTest@5b7a7f33]" started-at="2026-05-18T13:02:22 EDT" name="searchTest" data-provider="getproductData" finished-at="2026-05-18T13:02:22 EDT" duration-ms="790" status="PASS">
          <params>
            <param index="0">
              <value>
                <![CDATA[iMac]]>
              </value>
            </param>
          </params>
          <reporter-output>
          </reporter-output>
        </test-method> <!-- searchTest -->
        <test-method signature="searchTest(java.lang.String)[pri:0, instance:com.qa.opencart.tests.HomePageTest@5b7a7f33]" started-at="2026-05-18T13:02:23 EDT" name="searchTest" data-provider="getproductData" finished-at="2026-05-18T13:02:23 EDT" duration-ms="655" status="PASS">
          <params>
            <param index="0">
              <value>
                <![CDATA[Samsung]]>
              </value>
            </param>
          </params>
          <reporter-output>
          </reporter-output>
        </test-method> <!-- searchTest -->
        <test-method is-config="true" signature="tearDown()[pri:0, instance:com.qa.opencart.tests.HomePageTest@5b7a7f33]" started-at="2026-05-18T13:02:25 EDT" name="tearDown" finished-at="2026-05-18T13:02:25 EDT" duration-ms="525" status="PASS">
          <reporter-output>
          </reporter-output>
        </test-method> <!-- tearDown -->
      </class> <!-- com.qa.opencart.tests.HomePageTest -->
    </test> <!-- Open Cart Home Page Test -->
  </suite> <!-- Open Cart Test Regression PW Suite -->
</testng-results>
