<?xml version="1.0" encoding="UTF-8"?>
<!-- Generated by org.testng.reporters.JUnitReportReporter -->
<testsuite hostname="Hardiks-MacBook-Pro.local" failures="0" tests="5" name="com.qa.opencart.tests.HomePageTest" time="2.696" errors="0" timestamp="2026-05-18T13:02:26 EDT" skipped="0">
  <testcase classname="com.qa.opencart.tests.HomePageTest" name="searchTest" time="0.790"/>
  <testcase classname="com.qa.opencart.tests.HomePageTest" name="homePageURLTest" time="0.384"/>
  <testcase classname="com.qa.opencart.tests.HomePageTest" name="searchTest" time="0.655"/>
  <testcase classname="com.qa.opencart.tests.HomePageTest" name="searchTest" time="0.826"/>
  <testcase classname="com.qa.opencart.tests.HomePageTest" name="homePageTitleTest" time="0.041"/>
</testsuite> <!-- com.qa.opencart.tests.HomePageTest -->
