<?xml version="1.0" encoding="UTF-8"?>
<!-- Generated by org.testng.reporters.JUnitReportReporter -->
<testsuite hostname="Hardiks-MacBook-Pro.local" failures="0" tests="5" name="com.qa.opencart.tests.HomePageTest" time="8.048" errors="0" timestamp="2026-05-18T18:05:24 EDT" skipped="0">
  <testcase classname="com.qa.opencart.tests.HomePageTest" name="homePageTitleTest" time="0.451"/>
  <testcase classname="com.qa.opencart.tests.HomePageTest" name="searchTest" time="2.839"/>
  <testcase classname="com.qa.opencart.tests.HomePageTest" name="searchTest" time="2.663"/>
  <testcase classname="com.qa.opencart.tests.HomePageTest" name="homePageURLTest" time="0.016"/>
  <testcase classname="com.qa.opencart.tests.HomePageTest" name="searchTest" time="2.079"/>
</testsuite> <!-- com.qa.opencart.tests.HomePageTest -->
