<?xml version="1.0" encoding="UTF-8"?>
<!-- Generated by org.testng.reporters.JUnitReportReporter -->
<testsuite hostname="Hardiks-MacBook-Pro.local" failures="0" tests="5" name="com.qa.opencart.tests.HomePageTest" time="2.680" errors="0" timestamp="2026-05-20T12:37:31 EDT" skipped="0">
  <testcase classname="com.qa.opencart.tests.HomePageTest" name="homePageURLTest" time="0.002"/>
  <testcase classname="com.qa.opencart.tests.HomePageTest" name="searchTest" time="0.815"/>
  <testcase classname="com.qa.opencart.tests.HomePageTest" name="searchTest" time="0.985"/>
  <testcase classname="com.qa.opencart.tests.HomePageTest" name="homePageTitleTest" time="0.050"/>
  <testcase classname="com.qa.opencart.tests.HomePageTest" name="searchTest" time="0.828"/>
</testsuite> <!-- com.qa.opencart.tests.HomePageTest -->
